<?xml version="1.0" encoding="utf-8"?><testsuites name="pytest tests"><testsuite name="pytest" errors="0" failures="0" skipped="0" tests="51" time="2.393" timestamp="2026-09-14T12:34:35.077028+00:00" hostname="localhost"><testcase classname="tests.test_demo" name="test_health_and_offline_ui" time="0.049" /><testcase classname="tests.test_demo" name="test_seed_foreign_keys" time="0.022" /><testcase classname="tests.test_demo" name="test_nominal_history_inventory_and_options" time="0.052" /><testcase classname="tests.test_demo" name="test_current_metadata_filters" time="0.050" /><testcase classname="tests.test_demo" name="test_full_nominal_state_flow" time="0.068" /><testcase classname="tests.test_demo" name="test_only_mcc_can_approve[VIEWER]" time="0.056" /><testcase classname="tests.test_demo" name="test_only_mcc_can_approve[OCC]" time="0.060" /><testcase classname="tests.test_demo" name="test_only_mcc_can_approve[SIMULATOR]" time="0.055" /><testcase classname="tests.test_demo" name="test_only_simulator_ingests_events[MCC]" time="0.025" /><testcase classname="tests.test_demo" name="test_only_simulator_ingests_events[OCC]" time="0.024" /><testcase classname="tests.test_demo" name="test_only_simulator_ingests_events[VIEWER]" time="0.025" /><testcase classname="tests.test_demo" name="test_authority_fail_closed[no_authorization]" time="0.053" /><testcase classname="tests.test_demo" name="test_authority_fail_closed[critical_event]" time="0.050" /><testcase classname="tests.test_demo" name="test_authority_fail_closed[expired_authorization]" time="0.057" /><testcase classname="tests.test_demo" name="test_missing_evidence_blocks_approval[no_engineer]" time="0.054" /><testcase classname="tests.test_demo" name="test_missing_evidence_blocks_approval[no_tool]" time="0.055" /><testcase classname="tests.test_demo" name="test_missing_evidence_blocks_approval[missing_current_document]" time="0.055" /><testcase classname="tests.test_demo" name="test_missing_evidence_blocks_approval[unknown_fault]" time="0.047" /><testcase classname="tests.test_demo" name="test_stale_inventory_not_used" time="0.053" /><testcase classname="tests.test_demo" name="test_missed_transport_cutoff_not_ignored" time="0.060" /><testcase classname="tests.test_demo" name="test_busy_engineer_changes_critical_path" time="0.057" /><testcase classname="tests.test_demo" name="test_no_parts_does_not_invent_contingency" time="0.057" /><testcase classname="tests.test_demo" name="test_approval_idempotency" time="0.062" /><testcase classname="tests.test_demo" name="test_plan_hash_tampering_rejected" time="0.053" /><testcase classname="tests.test_demo" name="test_stale_plan_version_rejected" time="0.052" /><testcase classname="tests.test_demo" name="test_inventory_race_rejected_atomically" time="0.065" /><testcase classname="tests.test_demo" name="test_resource_time_change_requires_replan" time="0.057" /><testcase classname="tests.test_demo" name="test_revocation_invalidates_and_releases" time="0.067" /><testcase classname="tests.test_demo" name="test_diversion_is_external_not_recommended" time="0.054" /><testcase classname="tests.test_demo" name="test_old_event_update_rejected" time="0.049" /><testcase classname="tests.test_demo" name="test_duplicate_event_id_is_idempotent" time="0.056" /><testcase classname="tests.test_demo" name="test_unknown_tenant_rejected" time="0.024" /><testcase classname="tests.test_demo" name="test_unauthenticated_read_denied" time="0.022" /><testcase classname="tests.test_demo" name="test_operator_data_isolation" time="0.030" /><testcase classname="tests.test_demo" name="test_schema_does_not_accept_universal_safety_claim" time="0.022" /><testcase classname="tests.test_demo" name="test_utc_is_required" time="0.027" /><testcase classname="tests.test_demo" name="test_timezones_and_schedule_window" time="0.053" /><testcase classname="tests.test_demo" name="test_readiness_does_not_sum_parallel_turnaround_tasks" time="0.051" /><testcase classname="tests.test_demo" name="test_plan_expiration" time="0.059" /><testcase classname="tests.test_demo" name="test_no_release_before_arrival" time="0.068" /><testcase classname="tests.test_demo" name="test_mcc_cannot_forge_external_release" time="0.056" /><testcase classname="tests.test_demo" name="test_clock_cannot_run_backwards" time="0.051" /><testcase classname="tests.test_demo" name="test_expired_hold_released" time="0.063" /><testcase classname="tests.test_demo" name="test_audit_update_delete_blocked" time="0.048" /><testcase classname="tests.test_demo" name="test_remote_model_endpoint_rejected" time="0.000" /><testcase classname="tests.test_demo" name="test_cloud_model_rejected" time="0.001" /><testcase classname="tests.test_demo" name="test_model_failure_is_explicit_no_fake_replay" time="0.049" /><testcase classname="tests.test_demo" name="test_unknown_model_evidence_rejected" time="0.001" /><testcase classname="tests.test_demo" name="test_live_path_with_mocked_inference_preserves_rules" time="0.066" /><testcase classname="tests.test_demo" name="test_noncanonical_timestamp_rejected" time="0.024" /><testcase classname="tests.test_demo" name="test_permission_and_evidence_visible_in_ui" time="0.023" /></testsuite></testsuites>